<?xml version="1.0" encoding="UTF-8"?>
<!-- Generated by org.testng.reporters.JUnitXMLReporter -->
<testsuite hostname="TEKHANSW356" name="Group of group Test" tests="2" failures="0" timestamp="25 Aug 2016 07:13:57 GMT" time="0.021" errors="0">
  <testcase name="testMethodOne" time="0.002" classname="sample.maven.test.org.RegularExpressionGroupTest"/>
  <testcase name="testMethodTwo" time="0.0" classname="sample.maven.test.org.RegularExpressionGroupTest"/>
</testsuite> <!-- Group of group Test -->
